<?xml version="1.0" encoding="UTF-8"?>
<!-- Generated by org.testng.reporters.JUnitReportReporter -->
<testsuite hostname="ip-192-168-1-77.eu-west-1.compute.internal" name="codingChallenge.Part3" tests="1" failures="0" timestamp="2 Feb 2022 11:25:28 GMT" time="3.310" errors="0">
  <testcase name="findOuthighestPrice" time="3.310" classname="codingChallenge.Part3"/>
</testsuite> <!-- codingChallenge.Part3 -->
